{"/home/brady/spring/chapters/node/node-pg-relationships/app.js": {"path":"/home/brady/spring/chapters/node/node-pg-relationships/app.js","statementMap":{"0":{"start":{"line":3,"column":16},"end":{"line":3,"column":34}},"1":{"start":{"line":5,"column":21},"end":{"line":5,"column":46}},"2":{"start":{"line":6,"column":24},"end":{"line":6,"column":53}},"3":{"start":{"line":7,"column":23},"end":{"line":7,"column":51}},"4":{"start":{"line":9,"column":12},"end":{"line":9,"column":21}},"5":{"start":{"line":12,"column":0},"end":{"line":12,"column":24}},"6":{"start":{"line":13,"column":0},"end":{"line":13,"column":39}},"7":{"start":{"line":14,"column":0},"end":{"line":14,"column":37}},"8":{"start":{"line":17,"column":0},"end":{"line":20,"column":3}},"9":{"start":{"line":18,"column":14},"end":{"line":18,"column":48}},"10":{"start":{"line":19,"column":2},"end":{"line":19,"column":19}},"11":{"start":{"line":22,"column":0},"end":{"line":29,"column":3}},"12":{"start":{"line":23,"column":2},"end":{"line":23,"column":32}},"13":{"start":{"line":25,"column":2},"end":{"line":28,"column":5}},"14":{"start":{"line":32,"column":0},"end":{"line":32,"column":21}}},"fnMap":{"0":{"name":"(anonymous_0)","decl":{"start":{"line":17,"column":8},"end":{"line":17,"column":9}},"loc":{"start":{"line":17,"column":34},"end":{"line":20,"column":1}},"line":17},"1":{"name":"(anonymous_1)","decl":{"start":{"line":22,"column":8},"end":{"line":22,"column":9}},"loc":{"start":{"line":22,"column":33},"end":{"line":29,"column":1}},"line":22}},"branchMap":{"0":{"loc":{"start":{"line":23,"column":13},"end":{"line":23,"column":30}},"type":"binary-expr","locations":[{"start":{"line":23,"column":13},"end":{"line":23,"column":23}},{"start":{"line":23,"column":27},"end":{"line":23,"column":30}}],"line":23}},"s":{"0":1,"1":1,"2":1,"3":1,"4":1,"5":1,"6":1,"7":1,"8":1,"9":0,"10":0,"11":1,"12":0,"13":0,"14":1},"f":{"0":0,"1":0},"b":{"0":[0,0]},"_coverageSchema":"1a1c01bbd47fc00a2c39e90264f33305004495a9","hash":"9eae3683b72ace5fc38a94e58b68f5fcb8499951"}
,"/home/brady/spring/chapters/node/node-pg-relationships/db.js": {"path":"/home/brady/spring/chapters/node/node-pg-relationships/db.js","statementMap":{"0":{"start":{"line":1,"column":19},"end":{"line":1,"column":32}},"1":{"start":{"line":3,"column":15},"end":{"line":5,"column":2}},"2":{"start":{"line":7,"column":0},"end":{"line":7,"column":17}},"3":{"start":{"line":10,"column":0},"end":{"line":10,"column":24}}},"fnMap":{},"branchMap":{},"s":{"0":1,"1":1,"2":1,"3":1},"f":{},"b":{},"_coverageSchema":"1a1c01bbd47fc00a2c39e90264f33305004495a9","hash":"40c7ed848d2307f76ab932720c1948c5a4f3709b"}
,"/home/brady/spring/chapters/node/node-pg-relationships/expressError.js": {"path":"/home/brady/spring/chapters/node/node-pg-relationships/expressError.js","statementMap":{"0":{"start":{"line":9,"column":4},"end":{"line":9,"column":12}},"1":{"start":{"line":10,"column":4},"end":{"line":10,"column":27}},"2":{"start":{"line":11,"column":4},"end":{"line":11,"column":25}},"3":{"start":{"line":12,"column":4},"end":{"line":12,"column":30}},"4":{"start":{"line":17,"column":0},"end":{"line":17,"column":30}}},"fnMap":{"0":{"name":"(anonymous_0)","decl":{"start":{"line":8,"column":2},"end":{"line":8,"column":3}},"loc":{"start":{"line":8,"column":31},"end":{"line":13,"column":3}},"line":8}},"branchMap":{},"s":{"0":0,"1":0,"2":0,"3":0,"4":1},"f":{"0":0},"b":{},"_coverageSchema":"1a1c01bbd47fc00a2c39e90264f33305004495a9","hash":"4b2ebeae0e3212377e58360abbd61d73422465e5"}
,"/home/brady/spring/chapters/node/node-pg-relationships/routes/companies.js": {"path":"/home/brady/spring/chapters/node/node-pg-relationships/routes/companies.js","statementMap":{"0":{"start":{"line":1,"column":16},"end":{"line":1,"column":34}},"1":{"start":{"line":2,"column":16},"end":{"line":2,"column":34}},"2":{"start":{"line":3,"column":21},"end":{"line":3,"column":47}},"3":{"start":{"line":4,"column":11},"end":{"line":4,"column":27}},"4":{"start":{"line":6,"column":13},"end":{"line":6,"column":33}},"5":{"start":{"line":8,"column":0},"end":{"line":20,"column":3}},"6":{"start":{"line":9,"column":2},"end":{"line":19,"column":3}},"7":{"start":{"line":10,"column":19},"end":{"line":14,"column":5}},"8":{"start":{"line":16,"column":4},"end":{"line":16,"column":48}},"9":{"start":{"line":18,"column":4},"end":{"line":18,"column":21}},"10":{"start":{"line":22,"column":0},"end":{"line":53,"column":3}},"11":{"start":{"line":23,"column":2},"end":{"line":52,"column":3}},"12":{"start":{"line":24,"column":15},"end":{"line":24,"column":30}},"13":{"start":{"line":26,"column":23},"end":{"line":31,"column":5}},"14":{"start":{"line":33,"column":4},"end":{"line":35,"column":5}},"15":{"start":{"line":34,"column":6},"end":{"line":34,"column":62}},"16":{"start":{"line":37,"column":20},"end":{"line":37,"column":38}},"17":{"start":{"line":39,"column":22},"end":{"line":44,"column":5}},"18":{"start":{"line":46,"column":21},"end":{"line":46,"column":54}},"19":{"start":{"line":46,"column":47},"end":{"line":46,"column":53}},"20":{"start":{"line":47,"column":4},"end":{"line":47,"column":32}},"21":{"start":{"line":49,"column":4},"end":{"line":49,"column":33}},"22":{"start":{"line":51,"column":4},"end":{"line":51,"column":21}},"23":{"start":{"line":55,"column":0},"end":{"line":71,"column":3}},"24":{"start":{"line":56,"column":2},"end":{"line":70,"column":3}},"25":{"start":{"line":57,"column":32},"end":{"line":57,"column":40}},"26":{"start":{"line":58,"column":15},"end":{"line":58,"column":45}},"27":{"start":{"line":60,"column":19},"end":{"line":65,"column":5}},"28":{"start":{"line":67,"column":4},"end":{"line":67,"column":61}},"29":{"start":{"line":69,"column":4},"end":{"line":69,"column":21}},"30":{"start":{"line":73,"column":0},"end":{"line":94,"column":3}},"31":{"start":{"line":74,"column":2},"end":{"line":93,"column":3}},"32":{"start":{"line":75,"column":32},"end":{"line":75,"column":40}},"33":{"start":{"line":76,"column":15},"end":{"line":76,"column":30}},"34":{"start":{"line":78,"column":19},"end":{"line":84,"column":5}},"35":{"start":{"line":86,"column":4},"end":{"line":90,"column":5}},"36":{"start":{"line":87,"column":6},"end":{"line":87,"column":62}},"37":{"start":{"line":89,"column":6},"end":{"line":89,"column":51}},"38":{"start":{"line":92,"column":4},"end":{"line":92,"column":21}},"39":{"start":{"line":96,"column":0},"end":{"line":115,"column":3}},"40":{"start":{"line":97,"column":2},"end":{"line":114,"column":3}},"41":{"start":{"line":98,"column":15},"end":{"line":98,"column":30}},"42":{"start":{"line":100,"column":19},"end":{"line":105,"column":5}},"43":{"start":{"line":107,"column":4},"end":{"line":111,"column":5}},"44":{"start":{"line":108,"column":6},"end":{"line":108,"column":62}},"45":{"start":{"line":110,"column":6},"end":{"line":110,"column":45}},"46":{"start":{"line":113,"column":4},"end":{"line":113,"column":21}},"47":{"start":{"line":117,"column":0},"end":{"line":117,"column":24}}},"fnMap":{"0":{"name":"(anonymous_0)","decl":{"start":{"line":8,"column":16},"end":{"line":8,"column":17}},"loc":{"start":{"line":8,"column":48},"end":{"line":20,"column":1}},"line":8},"1":{"name":"(anonymous_1)","decl":{"start":{"line":22,"column":21},"end":{"line":22,"column":22}},"loc":{"start":{"line":22,"column":53},"end":{"line":53,"column":1}},"line":22},"2":{"name":"(anonymous_2)","decl":{"start":{"line":46,"column":40},"end":{"line":46,"column":41}},"loc":{"start":{"line":46,"column":47},"end":{"line":46,"column":53}},"line":46},"3":{"name":"(anonymous_3)","decl":{"start":{"line":55,"column":17},"end":{"line":55,"column":18}},"loc":{"start":{"line":55,"column":49},"end":{"line":71,"column":1}},"line":55},"4":{"name":"(anonymous_4)","decl":{"start":{"line":73,"column":21},"end":{"line":73,"column":22}},"loc":{"start":{"line":73,"column":53},"end":{"line":94,"column":1}},"line":73},"5":{"name":"(anonymous_5)","decl":{"start":{"line":96,"column":24},"end":{"line":96,"column":25}},"loc":{"start":{"line":96,"column":56},"end":{"line":115,"column":1}},"line":96}},"branchMap":{"0":{"loc":{"start":{"line":33,"column":4},"end":{"line":35,"column":5}},"type":"if","locations":[{"start":{"line":33,"column":4},"end":{"line":35,"column":5}},{"start":{},"end":{}}],"line":33},"1":{"loc":{"start":{"line":86,"column":4},"end":{"line":90,"column":5}},"type":"if","locations":[{"start":{"line":86,"column":4},"end":{"line":90,"column":5}},{"start":{"line":88,"column":11},"end":{"line":90,"column":5}}],"line":86},"2":{"loc":{"start":{"line":107,"column":4},"end":{"line":111,"column":5}},"type":"if","locations":[{"start":{"line":107,"column":4},"end":{"line":111,"column":5}},{"start":{"line":109,"column":11},"end":{"line":111,"column":5}}],"line":107}},"s":{"0":1,"1":1,"2":1,"3":1,"4":1,"5":1,"6":1,"7":1,"8":1,"9":0,"10":1,"11":0,"12":0,"13":0,"14":0,"15":0,"16":0,"17":0,"18":0,"19":0,"20":0,"21":0,"22":0,"23":1,"24":0,"25":0,"26":0,"27":0,"28":0,"29":0,"30":1,"31":0,"32":0,"33":0,"34":0,"35":0,"36":0,"37":0,"38":0,"39":1,"40":0,"41":0,"42":0,"43":0,"44":0,"45":0,"46":0,"47":1},"f":{"0":1,"1":0,"2":0,"3":0,"4":0,"5":0},"b":{"0":[0,0],"1":[0,0],"2":[0,0]},"_coverageSchema":"1a1c01bbd47fc00a2c39e90264f33305004495a9","hash":"79dd3a2a39b68ffd9a922dfac761024f09a597b2"}
,"/home/brady/spring/chapters/node/node-pg-relationships/routes/invoices.js": {"path":"/home/brady/spring/chapters/node/node-pg-relationships/routes/invoices.js","statementMap":{"0":{"start":{"line":4,"column":16},"end":{"line":4,"column":34}},"1":{"start":{"line":5,"column":21},"end":{"line":5,"column":47}},"2":{"start":{"line":6,"column":11},"end":{"line":6,"column":27}},"3":{"start":{"line":8,"column":13},"end":{"line":8,"column":33}},"4":{"start":{"line":11,"column":0},"end":{"line":25,"column":3}},"5":{"start":{"line":12,"column":2},"end":{"line":24,"column":3}},"6":{"start":{"line":13,"column":19},"end":{"line":17,"column":5}},"7":{"start":{"line":19,"column":4},"end":{"line":19,"column":47}},"8":{"start":{"line":23,"column":4},"end":{"line":23,"column":21}},"9":{"start":{"line":28,"column":0},"end":{"line":70,"column":3}},"10":{"start":{"line":29,"column":2},"end":{"line":69,"column":3}},"11":{"start":{"line":30,"column":13},"end":{"line":30,"column":26}},"12":{"start":{"line":32,"column":19},"end":{"line":44,"column":13}},"13":{"start":{"line":46,"column":4},"end":{"line":48,"column":5}},"14":{"start":{"line":47,"column":6},"end":{"line":47,"column":59}},"15":{"start":{"line":50,"column":17},"end":{"line":50,"column":31}},"16":{"start":{"line":51,"column":20},"end":{"line":62,"column":5}},"17":{"start":{"line":64,"column":4},"end":{"line":64,"column":42}},"18":{"start":{"line":68,"column":4},"end":{"line":68,"column":21}},"19":{"start":{"line":74,"column":0},"end":{"line":90,"column":3}},"20":{"start":{"line":75,"column":2},"end":{"line":89,"column":3}},"21":{"start":{"line":76,"column":27},"end":{"line":76,"column":35}},"22":{"start":{"line":78,"column":19},"end":{"line":82,"column":25}},"23":{"start":{"line":84,"column":4},"end":{"line":84,"column":49}},"24":{"start":{"line":88,"column":4},"end":{"line":88,"column":21}},"25":{"start":{"line":93,"column":0},"end":{"line":133,"column":3}},"26":{"start":{"line":94,"column":2},"end":{"line":131,"column":3}},"27":{"start":{"line":95,"column":22},"end":{"line":95,"column":30}},"28":{"start":{"line":96,"column":13},"end":{"line":96,"column":26}},"29":{"start":{"line":97,"column":19},"end":{"line":97,"column":23}},"30":{"start":{"line":99,"column":23},"end":{"line":103,"column":13}},"31":{"start":{"line":105,"column":4},"end":{"line":107,"column":5}},"32":{"start":{"line":106,"column":6},"end":{"line":106,"column":60}},"33":{"start":{"line":109,"column":25},"end":{"line":109,"column":53}},"34":{"start":{"line":111,"column":4},"end":{"line":117,"column":5}},"35":{"start":{"line":112,"column":6},"end":{"line":112,"column":28}},"36":{"start":{"line":113,"column":11},"end":{"line":117,"column":5}},"37":{"start":{"line":114,"column":6},"end":{"line":114,"column":21}},"38":{"start":{"line":116,"column":6},"end":{"line":116,"column":30}},"39":{"start":{"line":119,"column":19},"end":{"line":124,"column":34}},"40":{"start":{"line":126,"column":4},"end":{"line":126,"column":49}},"41":{"start":{"line":130,"column":4},"end":{"line":130,"column":21}},"42":{"start":{"line":136,"column":0},"end":{"line":156,"column":3}},"43":{"start":{"line":137,"column":2},"end":{"line":155,"column":3}},"44":{"start":{"line":138,"column":13},"end":{"line":138,"column":26}},"45":{"start":{"line":140,"column":19},"end":{"line":144,"column":13}},"46":{"start":{"line":146,"column":4},"end":{"line":148,"column":5}},"47":{"start":{"line":147,"column":6},"end":{"line":147,"column":60}},"48":{"start":{"line":150,"column":4},"end":{"line":150,"column":43}},"49":{"start":{"line":154,"column":4},"end":{"line":154,"column":21}},"50":{"start":{"line":159,"column":0},"end":{"line":159,"column":24}}},"fnMap":{"0":{"name":"(anonymous_0)","decl":{"start":{"line":11,"column":16},"end":{"line":11,"column":17}},"loc":{"start":{"line":11,"column":48},"end":{"line":25,"column":1}},"line":11},"1":{"name":"(anonymous_1)","decl":{"start":{"line":28,"column":19},"end":{"line":28,"column":20}},"loc":{"start":{"line":28,"column":51},"end":{"line":70,"column":1}},"line":28},"2":{"name":"(anonymous_2)","decl":{"start":{"line":74,"column":17},"end":{"line":74,"column":18}},"loc":{"start":{"line":74,"column":49},"end":{"line":90,"column":1}},"line":74},"3":{"name":"(anonymous_3)","decl":{"start":{"line":93,"column":19},"end":{"line":93,"column":20}},"loc":{"start":{"line":93,"column":51},"end":{"line":133,"column":1}},"line":93},"4":{"name":"(anonymous_4)","decl":{"start":{"line":136,"column":22},"end":{"line":136,"column":23}},"loc":{"start":{"line":136,"column":54},"end":{"line":156,"column":1}},"line":136}},"branchMap":{"0":{"loc":{"start":{"line":46,"column":4},"end":{"line":48,"column":5}},"type":"if","locations":[{"start":{"line":46,"column":4},"end":{"line":48,"column":5}},{"start":{},"end":{}}],"line":46},"1":{"loc":{"start":{"line":105,"column":4},"end":{"line":107,"column":5}},"type":"if","locations":[{"start":{"line":105,"column":4},"end":{"line":107,"column":5}},{"start":{},"end":{}}],"line":105},"2":{"loc":{"start":{"line":111,"column":4},"end":{"line":117,"column":5}},"type":"if","locations":[{"start":{"line":111,"column":4},"end":{"line":117,"column":5}},{"start":{"line":113,"column":11},"end":{"line":117,"column":5}}],"line":111},"3":{"loc":{"start":{"line":111,"column":8},"end":{"line":111,"column":29}},"type":"binary-expr","locations":[{"start":{"line":111,"column":8},"end":{"line":111,"column":21}},{"start":{"line":111,"column":25},"end":{"line":111,"column":29}}],"line":111},"4":{"loc":{"start":{"line":113,"column":11},"end":{"line":117,"column":5}},"type":"if","locations":[{"start":{"line":113,"column":11},"end":{"line":117,"column":5}},{"start":{"line":115,"column":11},"end":{"line":117,"column":5}}],"line":113},"5":{"loc":{"start":{"line":146,"column":4},"end":{"line":148,"column":5}},"type":"if","locations":[{"start":{"line":146,"column":4},"end":{"line":148,"column":5}},{"start":{},"end":{}}],"line":146}},"s":{"0":1,"1":1,"2":1,"3":1,"4":1,"5":1,"6":1,"7":1,"8":0,"9":1,"10":0,"11":0,"12":0,"13":0,"14":0,"15":0,"16":0,"17":0,"18":0,"19":1,"20":0,"21":0,"22":0,"23":0,"24":0,"25":1,"26":0,"27":0,"28":0,"29":0,"30":0,"31":0,"32":0,"33":0,"34":0,"35":0,"36":0,"37":0,"38":0,"39":0,"40":0,"41":0,"42":1,"43":0,"44":0,"45":0,"46":0,"47":0,"48":0,"49":0,"50":1},"f":{"0":1,"1":0,"2":0,"3":0,"4":0},"b":{"0":[0,0],"1":[0,0],"2":[0,0],"3":[0,0],"4":[0,0],"5":[0,0]},"_coverageSchema":"1a1c01bbd47fc00a2c39e90264f33305004495a9","hash":"fb0d02ac0bdb22d7a5f9367c1ea320881ce06123"}
}
